#
# There is insufficient memory for the Java Runtime Environment to continue.
# Native memory allocation (mmap) failed to map 268435456 bytes for Failed to commit area from 0x0000000700e00000 to 0x0000000710e00000 of length 268435456.
# Possible reasons:
#   The system is out of physical RAM or swap space
#   The process is running with CompressedOops enabled, and the Java Heap may be blocking the growth of the native heap
# Possible solutions:
#   Reduce memory load on the system
#   Increase physical memory or swap space
#   Check if swap backing store is full
#   Decrease Java heap size (-Xmx/-Xms)
#   Decrease number of Java threads
#   Decrease Java thread stack sizes (-Xss)
#   Set larger code cache with -XX:ReservedCodeCacheSize=
# This output file may be truncated or incomplete.
#
#  Out of Memory Error (c:/BuildAgent/work/dd4f663211fab7c/src/hotspot/os/windows/os_windows.cpp:3272), pid=17048, tid=17240
#
# JRE version:  (11.0.2+9) (build )
# Java VM: OpenJDK 64-Bit Server VM (11.0.2+9-b159.30, mixed mode, aot, sharing, tiered, compressed oops, g1 gc, windows-amd64)
# No core dump will be written. Minidumps are not enabled by default on client versions of Windows
#

---------------  S U M M A R Y ------------

Command Line: org.jetbrains.git4idea.http.GitAskPassApp Username for 'https://github.com': 

Host: AMD FX(tm)-8350 Eight-Core Processor           , 8 cores, 15G,  Windows 10 , 64 bit Build 18362 (10.0.18362.86)
Time: Sun Jun 30 14:08:34 2019 Eastern Daylight Time elapsed time: 0 seconds (0d 0h 0m 0s)

---------------  T H R E A D  ---------------

Current thread (0x00000211faec0000):  JavaThread "Unknown thread" [_thread_in_vm, id=17240, stack(0x000000f874800000,0x000000f874900000)]

Stack: [0x000000f874800000,0x000000f874900000]
Native frames: (J=compiled Java code, j=interpreted, Vv=VM code, C=native code)
V  [jvm.dll+0x5da82a]
V  [jvm.dll+0x70b6c9]
V  [jvm.dll+0x70cbe8]
V  [jvm.dll+0x70d2b3]
V  [jvm.dll+0x240f18]
V  [jvm.dll+0x5d7fc4]
V  [jvm.dll+0x5cd115]
V  [jvm.dll+0x2fa5eb]
V  [jvm.dll+0x2fa55a]
V  [jvm.dll+0x2fa432]
V  [jvm.dll+0x2ff316]
V  [jvm.dll+0x347993]
V  [jvm.dll+0x348096]
V  [jvm.dll+0x347a93]
V  [jvm.dll+0x2d5588]
V  [jvm.dll+0x2d66c7]
V  [jvm.dll+0x6eaac7]
V  [jvm.dll+0x6ec22c]
V  [jvm.dll+0x3551c9]
V  [jvm.dll+0x6d274e]
V  [jvm.dll+0x3bd953]
V  [jvm.dll+0x3bfcc1]
C  [java.exe+0x3763]
C  [java.exe+0x17a0c]
C  [KERNEL32.DLL+0x17bd4]
C  [ntdll.dll+0x6ce71]


---------------  P R O C E S S  ---------------

Threads class SMR info:
_java_thread_list=0x00000211f8da6f30, length=0, elements={
}

Java Threads: ( => current thread )

Other Threads:
  0x00000211faed5800 GCTaskThread "GC Thread#0" [stack: 0x000000f874900000,0x000000f874a00000] [id=20168]
  0x00000211faf33800 ConcurrentGCThread "G1 Main Marker" [stack: 0x000000f874a00000,0x000000f874b00000] [id=15896]
  0x00000211faf36000 ConcurrentGCThread "G1 Conc#0" [stack: 0x000000f874b00000,0x000000f874c00000] [id=9096]

[error occurred during error reporting (printing all threads), id 0xc0000005, EXCEPTION_ACCESS_VIOLATION (0xc0000005) at pc=0x00007ffb5a7f5687]

VM state:not at safepoint (not fully initialized)

VM Mutex/Monitor currently owned by a thread:  ([mutex/lock_event])
[0x00000211faebedb0] Heap_lock - owner thread: 0x00000211faec0000

Heap address: 0x0000000700e00000, size: 4082 MB, Compressed Oops mode: Non-zero based: 0x0000000700e00000
Narrow klass base: 0x0000000000000000, Narrow klass shift: 0

GC Heap History (0 events):
No events

Deoptimization events (0 events):
No events

Classes redefined (0 events):
No events

Internal exceptions (0 events):
No events

Events (0 events):
No events


Dynamic libraries:
0x00007ff76b700000 - 0x00007ff76b747000 	C:\Program Files\JetBrains\PyCharm Community Edition 2019.1\jre64\bin\java.exe
0x00007ffbccba0000 - 0x00007ffbccd90000 	C:\WINDOWS\SYSTEM32\ntdll.dll
0x00007ffbca440000 - 0x00007ffbca4f2000 	C:\WINDOWS\System32\KERNEL32.DLL
0x00007ffbc9650000 - 0x00007ffbc98f3000 	C:\WINDOWS\System32\KERNELBASE.dll
0x00007ffbcb610000 - 0x00007ffbcb7a3000 	C:\WINDOWS\System32\USER32.dll
0x00007ffbc9020000 - 0x00007ffbc9041000 	C:\WINDOWS\System32\win32u.dll
0x00007ffbcc170000 - 0x00007ffbcc196000 	C:\WINDOWS\System32\GDI32.dll
0x00007ffbc9150000 - 0x00007ffbc92e4000 	C:\WINDOWS\System32\gdi32full.dll
0x00007ffbc9490000 - 0x00007ffbc952e000 	C:\WINDOWS\System32\msvcp_win.dll
0x00007ffbc9050000 - 0x00007ffbc914a000 	C:\WINDOWS\System32\ucrtbase.dll
0x00007ffbbc7d0000 - 0x00007ffbbca55000 	C:\WINDOWS\WinSxS\amd64_microsoft.windows.common-controls_6595b64144ccf1df_6.0.18362.175_none_e6c3ab1f131014c9\COMCTL32.dll
0x00007ffbcab60000 - 0x00007ffbcabfe000 	C:\WINDOWS\System32\msvcrt.dll
0x00007ffbcc820000 - 0x00007ffbccb56000 	C:\WINDOWS\System32\combase.dll
0x00007ffbcc2c0000 - 0x00007ffbcc3e0000 	C:\WINDOWS\System32\RPCRT4.dll
0x00007ffbc8e80000 - 0x00007ffbc8f01000 	C:\WINDOWS\System32\bcryptPrimitives.dll
0x00007ffbcc3e0000 - 0x00007ffbcc40e000 	C:\WINDOWS\System32\IMM32.DLL
0x00007ffbbbe10000 - 0x00007ffbbbe27000 	C:\Program Files\JetBrains\PyCharm Community Edition 2019.1\jre64\bin\vcruntime140.dll
0x00007ffb853f0000 - 0x00007ffb8548d000 	C:\Program Files\JetBrains\PyCharm Community Edition 2019.1\jre64\bin\msvcp140.dll
0x00007ffb5a510000 - 0x00007ffb5afc6000 	C:\Program Files\JetBrains\PyCharm Community Edition 2019.1\jre64\bin\server\jvm.dll
0x00007ffbcb4b0000 - 0x00007ffbcb553000 	C:\WINDOWS\System32\ADVAPI32.dll
0x00007ffbca9e0000 - 0x00007ffbcaa77000 	C:\WINDOWS\System32\sechost.dll
0x00007ffbc9530000 - 0x00007ffbc9554000 	C:\WINDOWS\System32\WINMM.dll
0x00007ffbc8e50000 - 0x00007ffbc8e7d000 	C:\WINDOWS\System32\WINMMBASE.dll
0x00007ffbc9900000 - 0x00007ffbc994a000 	C:\WINDOWS\System32\cfgmgr32.dll
0x00007ffbcb490000 - 0x00007ffbcb498000 	C:\WINDOWS\System32\PSAPI.DLL
0x00007ffbb6880000 - 0x00007ffbb6889000 	C:\WINDOWS\SYSTEM32\WSOCK32.dll
0x00007ffbcac00000 - 0x00007ffbcac6f000 	C:\WINDOWS\System32\WS2_32.dll
0x00007ffbc1b70000 - 0x00007ffbc1b7a000 	C:\WINDOWS\SYSTEM32\VERSION.dll
0x00007ffbc8e30000 - 0x00007ffbc8e41000 	C:\WINDOWS\System32\kernel.appcore.dll
0x00007ffba0ed0000 - 0x00007ffba0ee1000 	C:\Program Files\JetBrains\PyCharm Community Edition 2019.1\jre64\bin\verify.dll
0x00007ffbbc1b0000 - 0x00007ffbbc3a4000 	C:\WINDOWS\SYSTEM32\DBGHELP.DLL
0x00007ffbbc0f0000 - 0x00007ffbbc11a000 	C:\WINDOWS\SYSTEM32\dbgcore.DLL
0x00007ffba0de0000 - 0x00007ffba0e09000 	C:\Program Files\JetBrains\PyCharm Community Edition 2019.1\jre64\bin\java.dll
0x00007ffba0dc0000 - 0x00007ffba0dd7000 	C:\Program Files\JetBrains\PyCharm Community Edition 2019.1\jre64\bin\zip.dll
0x00007ffbb68c0000 - 0x00007ffbb68cb000 	C:\Program Files\JetBrains\PyCharm Community Edition 2019.1\jre64\bin\jimage.dll

dbghelp: loaded successfully - version: 4.0.5 - missing functions: none
symbol engine: initialized successfully - sym options: 0x614 - pdb path: .;C:\Program Files\JetBrains\PyCharm Community Edition 2019.1\jre64\bin;C:\WINDOWS\SYSTEM32;C:\WINDOWS\WinSxS\amd64_microsoft.windows.common-controls_6595b64144ccf1df_6.0.18362.175_none_e6c3ab1f131014c9;C:\Program Files\JetBrains\PyCharm Community Edition 2019.1\jre64\bin\server

VM Arguments:
java_command: org.jetbrains.git4idea.http.GitAskPassApp Username for 'https://github.com': 
java_class_path (initial): C:/Program Files/JetBrains/PyCharm Community Edition 2019.1/plugins/git4idea/lib/git4idea-rt.jar;C:/Program Files/JetBrains/PyCharm Community Edition 2019.1/lib/xmlrpc-2.0.1.jar;C:/Program Files/JetBrains/PyCharm Community Edition 2019.1/lib/commons-codec-1.10.jar;C:/Program Files/JetBrains/PyCharm Community Edition 2019.1/lib/util.jar
Launcher Type: SUN_STANDARD

[Global flags]
     intx CICompilerCount                          = 4                                         {product} {ergonomic}
     uint ConcGCThreads                            = 2                                         {product} {ergonomic}
     uint G1ConcRefinementThreads                  = 8                                         {product} {ergonomic}
   size_t G1HeapRegionSize                         = 1048576                                   {product} {ergonomic}
    uintx GCDrainStackTargetSize                   = 64                                        {product} {ergonomic}
   size_t InitialHeapSize                          = 268435456                                 {product} {ergonomic}
   size_t MarkStackSize                            = 4194304                                   {product} {ergonomic}
   size_t MaxHeapSize                              = 4280287232                                {product} {ergonomic}
   size_t MinHeapDeltaBytes                        = 1048576                                   {product} {ergonomic}
    uintx NonNMethodCodeHeapSize                   = 5835340                                {pd product} {ergonomic}
    uintx NonProfiledCodeHeapSize                  = 122911450                              {pd product} {ergonomic}
    uintx ProfiledCodeHeapSize                     = 122911450                              {pd product} {ergonomic}
    uintx ReservedCodeCacheSize                    = 251658240                              {pd product} {ergonomic}
     bool SegmentedCodeCache                       = true                                      {product} {ergonomic}
     bool UseCompressedClassPointers               = true                                 {lp64_product} {ergonomic}
     bool UseCompressedOops                        = true                                 {lp64_product} {ergonomic}
     bool UseG1GC                                  = true                                      {product} {ergonomic}
     bool UseLargePagesIndividualAllocation        = false                                  {pd product} {ergonomic}

Logging:
Log output configuration:
 #0: stdout all=warning uptime,level,tags
 #1: stderr all=off uptime,level,tags

Environment Variables:
PATH=C:/Program Files/Git/mingw64/libexec/git-core;C:/Program Files/Git/mingw64/libexec/git-core;C:\Program Files\Git\mingw64\bin;C:\Program Files\Git\usr\bin;C:\Users\Jason\bin;B:\OracleDirectory\bin;B:\app\Jason\product\11.2.0\dbhome_3\bin;C:\ProgramData\Oracle\Java\javapath;C:\WINDOWS\system32;C:\WINDOWS;C:\WINDOWS\System32\Wbem;C:\WINDOWS\System32\WindowsPowerShell\v1.0\;C:\Program Files (x86)\ATI Technologies\ATI.ACE\Core-Static;C:\Program Files\Microsoft\Web Platform Installer\;C:\WINDOWS\system32\config\systemprofile\.dnx\bin;C:\Program Files\Microsoft DNX\Dnvm\;C:\Program Files (x86)\cvsnt;C:\Program Files\Git\cmd;C:\Program Files\dotnet\;C:\Program Files\Microsoft SQL Server\Client SDK\ODBC\170\Tools\Binn\;C:\WINDOWS\System32\OpenSSH\;C:\Program Files\Microsoft SQL Server\130\Tools\Binn\;C:\Program Files (x86)\Microsoft SQL Server\150\DTS\Binn\;C:\Program Files\Microsoft SQL Server\Client SDK\ODBC\130\Tools\Binn\;C:\Program Files (x86)\Microsoft SQL Server\140\Tools\Binn\;C:\Program Files\Microsoft SQL Server\140\Tools\Binn\;C:\Program Files\Microsoft SQL Server\140\DTS\Binn\;B:\python\Scripts\;B:\python\;C:\Users\Jason\AppData\Local\Programs\Python\Launcher\;C:\Program Files\Java\jdk1.8.0_111\bin;C:\Users\Jason\AppData\Local\GitHubDesktop\bin;%USERPROFILE%\AppData\Local\Microsoft\WindowsApps;
USERNAME=Jason
DISPLAY=:0.0
OS=Windows_NT
PROCESSOR_IDENTIFIER=AMD64 Family 21 Model 2 Stepping 0, AuthenticAMD



---------------  S Y S T E M  ---------------

OS: Windows 10 , 64 bit Build 18362 (10.0.18362.86)

CPU:total 8 (initial active 8) (8 cores per cpu, 1 threads per core) family 21 model 2 stepping 0, cmov, cx8, fxsr, mmx, sse, sse2, sse3, ssse3, sse4.1, sse4.2, popcnt, avx, aes, clmul, mmxext, 3dnowpref, lzcnt, sse4a, tsc, tscinvbit, tscinv, bmi1, fma

Memory: 4k page, system-wide physical 16326M (4237M free)
TotalPageFile size 16326M (AvailPageFile size 81M)
current process WorkingSet (physical memory assigned to process): 10M, peak: 10M
current process commit charge ("private bytes"): 60M, peak: 316M

vm_info: OpenJDK 64-Bit Server VM (11.0.2+9-b159.30) for windows-amd64 JRE (11.0.2+9-b159.30), built on Mar 19 2019 10:32:15 by "" with MS VC++ 14.0 (VS2015)

END.
